[2026-05-07T17:19:58Z] poller started: pid=9649 task=7c73cbd8-449b-4ea2-a862-c9fcf6541c96 state_dir=/Users/nareshvenkat/code/foothill-prereqs/.dataprojects/7c73cbd8-449b-4ea2-a862-c9fcf6541c96
[2026-05-07T17:20:03Z] poll: 1 new/collapsed, status=Running, next=15.0s
[2026-05-07T17:20:20Z] poll: idle (1), status=Running, next=15s
[2026-05-07T17:20:38Z] poll: idle (2), status=Running, next=15s
[2026-05-07T17:20:55Z] poll: idle (3), status=Running, next=15s
[2026-05-07T17:21:12Z] poll: idle (4), status=Running, next=15s
[2026-05-07T17:21:29Z] poll: idle (5), status=Running, next=15s
[2026-05-07T17:21:46Z] poll: idle (6), status=Running, next=22s
[2026-05-07T17:22:11Z] poll: idle (7), status=Running, next=34s
[2026-05-07T17:22:48Z] poll: idle (8), status=Status 5, next=51s
[2026-05-07T17:22:48Z] terminal status=Status 5; exiting
[2026-05-07T17:22:48Z] poller stopped
[2026-05-07T17:49:36Z] poller started: pid=11307 task=7c73cbd8-449b-4ea2-a862-c9fcf6541c96 state_dir=/Users/nareshvenkat/code/foothill-prereqs/.dataprojects/7c73cbd8-449b-4ea2-a862-c9fcf6541c96
[2026-05-07T17:49:37Z] http_error code=429 url=https://pbipdailyeus2euap-daily.pbidedicated.windows.net/webapi/capacities/56922012-c26d-41ce-91f1-59b6aeec8af7/workloads/SparkCore/SparkCoreService/direct/v1/workspaces/85a394cb-47c7-43a8-9a97-f44f8e20dda8/artifacts/3852746b-baf2-40df-ba4f-3947438b8928/aichat/7c73cbd8-449b-4ea2-a862-c9fcf6541c96/messages; backing off
[2026-05-07T17:50:09Z] poll: idle (1), status=Status 5, next=15s
[2026-05-07T17:50:09Z] terminal status=Status 5; exiting
[2026-05-07T17:50:09Z] poller stopped
[2026-05-07T17:55:06Z] poller started: pid=11697 task=7c73cbd8-449b-4ea2-a862-c9fcf6541c96 state_dir=/Users/nareshvenkat/code/foothill-prereqs/.dataprojects/7c73cbd8-449b-4ea2-a862-c9fcf6541c96
[2026-05-07T17:55:08Z] poll: idle (1), status=Status 5, next=15s
[2026-05-07T17:55:08Z] terminal status=Status 5; exiting
[2026-05-07T17:55:08Z] poller stopped
[2026-05-07T18:14:24Z] poller started: pid=13113 task=7c73cbd8-449b-4ea2-a862-c9fcf6541c96 state_dir=/Users/nareshvenkat/code/foothill-prereqs/.dataprojects/7c73cbd8-449b-4ea2-a862-c9fcf6541c96
[2026-05-07T18:14:26Z] poll: idle (1), status=Running, next=15s
[2026-05-07T18:14:43Z] poll: idle (2), status=Running, next=15s
[2026-05-07T18:15:01Z] poll: idle (3), status=Running, next=15s
[2026-05-07T18:15:18Z] poll: idle (4), status=Running, next=15s
[2026-05-07T18:15:35Z] poll: idle (5), status=Running, next=15s
[2026-05-07T18:15:52Z] poll: idle (6), status=Running, next=15s
[2026-05-07T18:16:09Z] poll: idle (7), status=Running, next=22s
[2026-05-07T18:16:34Z] poll: idle (8), status=Running, next=34s
[2026-05-07T18:17:10Z] poll: idle (9), status=Running, next=51s
[2026-05-07T18:18:03Z] poll: idle (10), status=Running, next=76s
[2026-05-07T18:19:22Z] poll: idle (11), status=Status 5, next=114s
[2026-05-07T18:19:22Z] terminal status=Status 5; exiting
[2026-05-07T18:19:22Z] poller stopped
[2026-05-08T06:40:01Z] poller started: pid=44524 task=7c73cbd8-449b-4ea2-a862-c9fcf6541c96 state_dir=/Users/nareshvenkat/code/foothill-prereqs/.dataprojects/7c73cbd8-449b-4ea2-a862-c9fcf6541c96
[2026-05-08T06:40:05Z] poll: idle (1), status=Running, next=15s
[2026-05-08T06:40:25Z] poll: idle (2), status=Running, next=15s
[2026-05-08T06:40:42Z] poll: idle (3), status=Running, next=15s
[2026-05-08T06:41:00Z] poll: idle (4), status=Running, next=15s
[2026-05-08T06:41:18Z] poll: idle (5), status=Running, next=15s
[2026-05-08T06:41:35Z] poll: idle (6), status=Running, next=22s
[2026-05-08T06:42:00Z] poll: idle (7), status=Running, next=34s
[2026-05-08T06:42:36Z] poll: idle (8), status=Running, next=51s
[2026-05-08T06:43:29Z] poll: idle (9), status=Status 5, next=76s
[2026-05-08T06:43:29Z] terminal status=Status 5; exiting
[2026-05-08T06:43:29Z] poller stopped
